<?xml version="1.0" encoding="UTF-8"?>
<TestRun id="af6d20a5-af40-4b07-b47a-574db89d6cfa" name="Andres@ANDRES-PC 2012-05-24 08:11:15" runUser="Andres-PC\Andres" xmlns="http://microsoft.com/schemas/VisualStudio/TeamTest/2010">
  <TestSettings name="Local" id="7f7fc7d1-7e94-415d-9175-777b81af175b">
    <Description>These are default test settings for a local test run.</Description>
    <Deployment enabled="false" runDeploymentRoot="Andres_ANDRES-PC 2012-05-24 08_11_15">
      <DeploymentItem filename="C:\Users\Andres\Documents\Visual Studio 2010\Projects\Calculator\Calculator\bin\Debug\Calculator.dll" />
    </Deployment>
    <Execution>
      <TestTypeSpecific />
      <AgentRule name="Execution Agents">
      </AgentRule>
    </Execution>
  </TestSettings>
  <Times creation="2012-05-24T08:11:15.7897985-05:00" queuing="2012-05-24T08:11:15.8178001-05:00" start="2012-05-24T08:11:15.8238004-05:00" finish="2012-05-24T08:11:16.0508134-05:00" />
  <ResultSummary outcome="Failed">
    <Counters total="8" executed="8" passed="7" error="0" failed="1" timeout="0" aborted="0" inconclusive="0" passedButRunAborted="0" notRunnable="0" notExecuted="0" disconnected="0" warning="0" completed="0" inProgress="0" pending="0" />
  </ResultSummary>
  <TestDefinitions>
    <UnitTest name="no_more_than_1000" storage="c:\users\andres\documents\visual studio 2010\projects\calculator\nunittest\bin\debug\nunittest.dll" id="b7c03255-b974-aa6e-aa17-c7bdf9a317f1">
      <Execution id="0160fed3-91bc-4142-b266-a190e53cdca2" />
      <TestMethod codeBase="C:/Users/Andres/Documents/Visual Studio 2010/Projects/Calculator/NUnitTest/bin/Debug/NUnitTest.DLL" adapterTypeName="Microsoft.VisualStudio.TestTools.TestTypes.Unit.UnitTestAdapter, Microsoft.VisualStudio.QualityTools.Tips.UnitTest.Adapter, Version=10.0.0.0, Culture=neutral, PublicKeyToken=b03f5f7f11d50a3a" className="NUnitTest.StringCalculatorTest, NUnitTest, Version=1.0.0.0, Culture=neutral, PublicKeyToken=null" name="no_more_than_1000" />
    </UnitTest>
    <UnitTest name="empty_string" storage="c:\users\andres\documents\visual studio 2010\projects\calculator\nunittest\bin\debug\nunittest.dll" id="621079d6-8336-000a-8869-87123a3c877d">
      <Execution id="c7aad99d-8b31-4cf3-879f-e63eb35c11fd" />
      <TestMethod codeBase="C:/Users/Andres/Documents/Visual Studio 2010/Projects/Calculator/NUnitTest/bin/Debug/NUnitTest.DLL" adapterTypeName="Microsoft.VisualStudio.TestTools.TestTypes.Unit.UnitTestAdapter, Microsoft.VisualStudio.QualityTools.Tips.UnitTest.Adapter, Version=10.0.0.0, Culture=neutral, PublicKeyToken=b03f5f7f11d50a3a" className="NUnitTest.StringCalculatorTest, NUnitTest, Version=1.0.0.0, Culture=neutral, PublicKeyToken=null" name="empty_string" />
    </UnitTest>
    <UnitTest name="new_lines_between_numbers" storage="c:\users\andres\documents\visual studio 2010\projects\calculator\nunittest\bin\debug\nunittest.dll" id="7611aac2-710c-ca53-b968-e584743eac76">
      <Execution id="aaf6bd1c-133b-4fa4-a1e6-ee28b1b00b3c" />
      <TestMethod codeBase="C:/Users/Andres/Documents/Visual Studio 2010/Projects/Calculator/NUnitTest/bin/Debug/NUnitTest.DLL" adapterTypeName="Microsoft.VisualStudio.TestTools.TestTypes.Unit.UnitTestAdapter, Microsoft.VisualStudio.QualityTools.Tips.UnitTest.Adapter, Version=10.0.0.0, Culture=neutral, PublicKeyToken=b03f5f7f11d50a3a" className="NUnitTest.StringCalculatorTest, NUnitTest, Version=1.0.0.0, Culture=neutral, PublicKeyToken=null" name="new_lines_between_numbers" />
    </UnitTest>
    <UnitTest name="negatives_not_allowed" storage="c:\users\andres\documents\visual studio 2010\projects\calculator\nunittest\bin\debug\nunittest.dll" id="6a1f6c90-fad4-10ba-8b10-b4829103f0c8">
      <Execution id="5c898b5c-7768-4dd9-b600-2052e59099b9" />
      <TestMethod codeBase="C:/Users/Andres/Documents/Visual Studio 2010/Projects/Calculator/NUnitTest/bin/Debug/NUnitTest.DLL" adapterTypeName="Microsoft.VisualStudio.TestTools.TestTypes.Unit.UnitTestAdapter, Microsoft.VisualStudio.QualityTools.Tips.UnitTest.Adapter, Version=10.0.0.0, Culture=neutral, PublicKeyToken=b03f5f7f11d50a3a" className="NUnitTest.StringCalculatorTest, NUnitTest, Version=1.0.0.0, Culture=neutral, PublicKeyToken=null" name="negatives_not_allowed" />
    </UnitTest>
    <UnitTest name="un_known_amount_of_numbers" storage="c:\users\andres\documents\visual studio 2010\projects\calculator\nunittest\bin\debug\nunittest.dll" id="2bf53988-bf24-42bd-c4fc-4456697d7912">
      <Execution id="d5b6cf34-2a07-475a-8ab2-361bc7cbad80" />
      <TestMethod codeBase="C:/Users/Andres/Documents/Visual Studio 2010/Projects/Calculator/NUnitTest/bin/Debug/NUnitTest.DLL" adapterTypeName="Microsoft.VisualStudio.TestTools.TestTypes.Unit.UnitTestAdapter, Microsoft.VisualStudio.QualityTools.Tips.UnitTest.Adapter, Version=10.0.0.0, Culture=neutral, PublicKeyToken=b03f5f7f11d50a3a" className="NUnitTest.StringCalculatorTest, NUnitTest, Version=1.0.0.0, Culture=neutral, PublicKeyToken=null" name="un_known_amount_of_numbers" />
    </UnitTest>
    <UnitTest name="support_different_delimiters" storage="c:\users\andres\documents\visual studio 2010\projects\calculator\nunittest\bin\debug\nunittest.dll" id="807c457b-2550-9129-3164-14cfd598285d">
      <Execution id="ba037aba-f5cc-4d28-82ad-ffd121790c16" />
      <TestMethod codeBase="C:/Users/Andres/Documents/Visual Studio 2010/Projects/Calculator/NUnitTest/bin/Debug/NUnitTest.DLL" adapterTypeName="Microsoft.VisualStudio.TestTools.TestTypes.Unit.UnitTestAdapter, Microsoft.VisualStudio.QualityTools.Tips.UnitTest.Adapter, Version=10.0.0.0, Culture=neutral, PublicKeyToken=b03f5f7f11d50a3a" className="NUnitTest.StringCalculatorTest, NUnitTest, Version=1.0.0.0, Culture=neutral, PublicKeyToken=null" name="support_different_delimiters" />
    </UnitTest>
    <UnitTest name="one_number" storage="c:\users\andres\documents\visual studio 2010\projects\calculator\nunittest\bin\debug\nunittest.dll" id="8ba150d3-9f32-7fe0-2510-d0c4df829962">
      <Execution id="091ebf3e-ae89-4d8e-8f9c-703db80e66a9" />
      <TestMethod codeBase="C:/Users/Andres/Documents/Visual Studio 2010/Projects/Calculator/NUnitTest/bin/Debug/NUnitTest.DLL" adapterTypeName="Microsoft.VisualStudio.TestTools.TestTypes.Unit.UnitTestAdapter, Microsoft.VisualStudio.QualityTools.Tips.UnitTest.Adapter, Version=10.0.0.0, Culture=neutral, PublicKeyToken=b03f5f7f11d50a3a" className="NUnitTest.StringCalculatorTest, NUnitTest, Version=1.0.0.0, Culture=neutral, PublicKeyToken=null" name="one_number" />
    </UnitTest>
    <UnitTest name="two_numbers" storage="c:\users\andres\documents\visual studio 2010\projects\calculator\nunittest\bin\debug\nunittest.dll" id="b9cbc5df-4036-ad47-00ce-7fbab9a96fb7">
      <Execution id="d1f8b7c4-c444-4d38-bc0f-02c0f2f60065" />
      <TestMethod codeBase="C:/Users/Andres/Documents/Visual Studio 2010/Projects/Calculator/NUnitTest/bin/Debug/NUnitTest.DLL" adapterTypeName="Microsoft.VisualStudio.TestTools.TestTypes.Unit.UnitTestAdapter, Microsoft.VisualStudio.QualityTools.Tips.UnitTest.Adapter, Version=10.0.0.0, Culture=neutral, PublicKeyToken=b03f5f7f11d50a3a" className="NUnitTest.StringCalculatorTest, NUnitTest, Version=1.0.0.0, Culture=neutral, PublicKeyToken=null" name="two_numbers" />
    </UnitTest>
  </TestDefinitions>
  <TestLists>
    <TestList name="Results Not in a List" id="8c84fa94-04c1-424b-9868-57a2d4851a1d" />
    <TestList name="All Loaded Results" id="19431567-8539-422a-85d7-44ee4e166bda" />
  </TestLists>
  <TestEntries>
    <TestEntry testId="2bf53988-bf24-42bd-c4fc-4456697d7912" executionId="d5b6cf34-2a07-475a-8ab2-361bc7cbad80" testListId="8c84fa94-04c1-424b-9868-57a2d4851a1d" />
    <TestEntry testId="621079d6-8336-000a-8869-87123a3c877d" executionId="c7aad99d-8b31-4cf3-879f-e63eb35c11fd" testListId="8c84fa94-04c1-424b-9868-57a2d4851a1d" />
    <TestEntry testId="6a1f6c90-fad4-10ba-8b10-b4829103f0c8" executionId="5c898b5c-7768-4dd9-b600-2052e59099b9" testListId="8c84fa94-04c1-424b-9868-57a2d4851a1d" />
    <TestEntry testId="7611aac2-710c-ca53-b968-e584743eac76" executionId="aaf6bd1c-133b-4fa4-a1e6-ee28b1b00b3c" testListId="8c84fa94-04c1-424b-9868-57a2d4851a1d" />
    <TestEntry testId="807c457b-2550-9129-3164-14cfd598285d" executionId="ba037aba-f5cc-4d28-82ad-ffd121790c16" testListId="8c84fa94-04c1-424b-9868-57a2d4851a1d" />
    <TestEntry testId="8ba150d3-9f32-7fe0-2510-d0c4df829962" executionId="091ebf3e-ae89-4d8e-8f9c-703db80e66a9" testListId="8c84fa94-04c1-424b-9868-57a2d4851a1d" />
    <TestEntry testId="b7c03255-b974-aa6e-aa17-c7bdf9a317f1" executionId="0160fed3-91bc-4142-b266-a190e53cdca2" testListId="8c84fa94-04c1-424b-9868-57a2d4851a1d" />
    <TestEntry testId="b9cbc5df-4036-ad47-00ce-7fbab9a96fb7" executionId="d1f8b7c4-c444-4d38-bc0f-02c0f2f60065" testListId="8c84fa94-04c1-424b-9868-57a2d4851a1d" />
  </TestEntries>
  <Results>
    <UnitTestResult executionId="d5b6cf34-2a07-475a-8ab2-361bc7cbad80" testId="2bf53988-bf24-42bd-c4fc-4456697d7912" testName="un_known_amount_of_numbers" computerName="ANDRES-PC" duration="00:00:00.0156419" startTime="2012-05-24T08:11:15.8258006-05:00" endTime="2012-05-24T08:11:15.9878098-05:00" testType="13cdc9d9-ddb5-4fa4-a97d-d965ccfc6d4b" outcome="Passed" testListId="8c84fa94-04c1-424b-9868-57a2d4851a1d" relativeResultsDirectory="d5b6cf34-2a07-475a-8ab2-361bc7cbad80">
    </UnitTestResult>
    <UnitTestResult executionId="c7aad99d-8b31-4cf3-879f-e63eb35c11fd" testId="621079d6-8336-000a-8869-87123a3c877d" testName="empty_string" computerName="ANDRES-PC" duration="00:00:00.0001975" startTime="2012-05-24T08:11:15.9898099-05:00" endTime="2012-05-24T08:11:15.9928101-05:00" testType="13cdc9d9-ddb5-4fa4-a97d-d965ccfc6d4b" outcome="Passed" testListId="8c84fa94-04c1-424b-9868-57a2d4851a1d" relativeResultsDirectory="c7aad99d-8b31-4cf3-879f-e63eb35c11fd">
    </UnitTestResult>
    <UnitTestResult executionId="5c898b5c-7768-4dd9-b600-2052e59099b9" testId="6a1f6c90-fad4-10ba-8b10-b4829103f0c8" testName="negatives_not_allowed" computerName="ANDRES-PC" duration="00:00:00.0142553" startTime="2012-05-24T08:11:15.9948102-05:00" endTime="2012-05-24T08:11:16.0118112-05:00" testType="13cdc9d9-ddb5-4fa4-a97d-d965ccfc6d4b" outcome="Failed" testListId="8c84fa94-04c1-424b-9868-57a2d4851a1d" relativeResultsDirectory="5c898b5c-7768-4dd9-b600-2052e59099b9">
      <Output>
        <ErrorInfo>
          <Message>Test method NUnitTest.StringCalculatorTest.negatives_not_allowed threw exception: 
System.ArgumentOutOfRangeException: Specified argument was out of the range of valid values.
Parameter name: negatives not allowed: 3 4 5 </Message>
          <StackTrace>    at Calculator.StringCalculator.add(String number) in C:\Users\Andres\Documents\Visual Studio 2010\Projects\Calculator\Calculator\StringCalculator.cs:line 36
   at NUnitTest.StringCalculatorTest.negatives_not_allowed() in C:\Users\Andres\Documents\Visual Studio 2010\Projects\Calculator\NUnitTest\StringCalculatorTest.cs:line 84
</StackTrace>
        </ErrorInfo>
      </Output>
    </UnitTestResult>
    <UnitTestResult executionId="aaf6bd1c-133b-4fa4-a1e6-ee28b1b00b3c" testId="7611aac2-710c-ca53-b968-e584743eac76" testName="new_lines_between_numbers" computerName="ANDRES-PC" duration="00:00:00.0002052" startTime="2012-05-24T08:11:16.0138113-05:00" endTime="2012-05-24T08:11:16.0168115-05:00" testType="13cdc9d9-ddb5-4fa4-a97d-d965ccfc6d4b" outcome="Passed" testListId="8c84fa94-04c1-424b-9868-57a2d4851a1d" relativeResultsDirectory="aaf6bd1c-133b-4fa4-a1e6-ee28b1b00b3c">
    </UnitTestResult>
    <UnitTestResult executionId="ba037aba-f5cc-4d28-82ad-ffd121790c16" testId="807c457b-2550-9129-3164-14cfd598285d" testName="support_different_delimiters" computerName="ANDRES-PC" duration="00:00:00.0001985" startTime="2012-05-24T08:11:16.0188116-05:00" endTime="2012-05-24T08:11:16.0228118-05:00" testType="13cdc9d9-ddb5-4fa4-a97d-d965ccfc6d4b" outcome="Passed" testListId="8c84fa94-04c1-424b-9868-57a2d4851a1d" relativeResultsDirectory="ba037aba-f5cc-4d28-82ad-ffd121790c16">
    </UnitTestResult>
    <UnitTestResult executionId="091ebf3e-ae89-4d8e-8f9c-703db80e66a9" testId="8ba150d3-9f32-7fe0-2510-d0c4df829962" testName="one_number" computerName="ANDRES-PC" duration="00:00:00.0001857" startTime="2012-05-24T08:11:16.0238119-05:00" endTime="2012-05-24T08:11:16.0278121-05:00" testType="13cdc9d9-ddb5-4fa4-a97d-d965ccfc6d4b" outcome="Passed" testListId="8c84fa94-04c1-424b-9868-57a2d4851a1d" relativeResultsDirectory="091ebf3e-ae89-4d8e-8f9c-703db80e66a9">
    </UnitTestResult>
    <UnitTestResult executionId="0160fed3-91bc-4142-b266-a190e53cdca2" testId="b7c03255-b974-aa6e-aa17-c7bdf9a317f1" testName="no_more_than_1000" computerName="ANDRES-PC" duration="00:00:00.0001898" startTime="2012-05-24T08:11:16.0288122-05:00" endTime="2012-05-24T08:11:16.0328124-05:00" testType="13cdc9d9-ddb5-4fa4-a97d-d965ccfc6d4b" outcome="Passed" testListId="8c84fa94-04c1-424b-9868-57a2d4851a1d" relativeResultsDirectory="0160fed3-91bc-4142-b266-a190e53cdca2">
    </UnitTestResult>
    <UnitTestResult executionId="d1f8b7c4-c444-4d38-bc0f-02c0f2f60065" testId="b9cbc5df-4036-ad47-00ce-7fbab9a96fb7" testName="two_numbers" computerName="ANDRES-PC" duration="00:00:00.0001944" startTime="2012-05-24T08:11:16.0338125-05:00" endTime="2012-05-24T08:11:16.0378127-05:00" testType="13cdc9d9-ddb5-4fa4-a97d-d965ccfc6d4b" outcome="Passed" testListId="8c84fa94-04c1-424b-9868-57a2d4851a1d" relativeResultsDirectory="d1f8b7c4-c444-4d38-bc0f-02c0f2f60065">
    </UnitTestResult>
  </Results>
</TestRun>