<?xml version="1.0" encoding="UTF-8"?>
<TestRun id="65533e91-af63-483d-aecb-8cd8bed33eda" name="Andres@ANDRES-PC 2012-05-24 07:39:23" runUser="Andres-PC\Andres" xmlns="http://microsoft.com/schemas/VisualStudio/TeamTest/2010">
  <TestSettings name="Local" id="7f7fc7d1-7e94-415d-9175-777b81af175b">
    <Description>These are default test settings for a local test run.</Description>
    <Deployment enabled="false" runDeploymentRoot="Andres_ANDRES-PC 2012-05-24 07_39_23">
      <DeploymentItem filename="C:\Users\Andres\Documents\Visual Studio 2010\Projects\Calculator\Calculator\bin\Debug\Calculator.dll" />
    </Deployment>
    <Execution>
      <TestTypeSpecific />
      <AgentRule name="Execution Agents">
      </AgentRule>
    </Execution>
  </TestSettings>
  <Times creation="2012-05-24T07:39:23.3754146-05:00" queuing="2012-05-24T07:39:23.4004161-05:00" start="2012-05-24T07:39:23.4054164-05:00" finish="2012-05-24T07:39:23.6634311-05:00" />
  <ResultSummary outcome="Failed">
    <Counters total="8" executed="8" passed="7" error="0" failed="1" timeout="0" aborted="0" inconclusive="0" passedButRunAborted="0" notRunnable="0" notExecuted="0" disconnected="0" warning="0" completed="0" inProgress="0" pending="0" />
  </ResultSummary>
  <TestDefinitions>
    <UnitTest name="no_more_than_1000" storage="c:\users\andres\documents\visual studio 2010\projects\calculator\nunittest\bin\debug\nunittest.dll" id="b7c03255-b974-aa6e-aa17-c7bdf9a317f1">
      <Execution id="d12691b8-40a9-420c-a62e-a3728a6e9623" />
      <TestMethod codeBase="C:/Users/Andres/Documents/Visual Studio 2010/Projects/Calculator/NUnitTest/bin/Debug/NUnitTest.DLL" adapterTypeName="Microsoft.VisualStudio.TestTools.TestTypes.Unit.UnitTestAdapter, Microsoft.VisualStudio.QualityTools.Tips.UnitTest.Adapter, Version=10.0.0.0, Culture=neutral, PublicKeyToken=b03f5f7f11d50a3a" className="NUnitTest.StringCalculatorTest, NUnitTest, Version=1.0.0.0, Culture=neutral, PublicKeyToken=null" name="no_more_than_1000" />
    </UnitTest>
    <UnitTest name="empty_string" storage="c:\users\andres\documents\visual studio 2010\projects\calculator\nunittest\bin\debug\nunittest.dll" id="621079d6-8336-000a-8869-87123a3c877d">
      <Execution id="ce2b9cf5-2e2b-447c-9461-f5286c55f9ce" />
      <TestMethod codeBase="C:/Users/Andres/Documents/Visual Studio 2010/Projects/Calculator/NUnitTest/bin/Debug/NUnitTest.DLL" adapterTypeName="Microsoft.VisualStudio.TestTools.TestTypes.Unit.UnitTestAdapter, Microsoft.VisualStudio.QualityTools.Tips.UnitTest.Adapter, Version=10.0.0.0, Culture=neutral, PublicKeyToken=b03f5f7f11d50a3a" className="NUnitTest.StringCalculatorTest, NUnitTest, Version=1.0.0.0, Culture=neutral, PublicKeyToken=null" name="empty_string" />
    </UnitTest>
    <UnitTest name="new_lines_between_numbers" storage="c:\users\andres\documents\visual studio 2010\projects\calculator\nunittest\bin\debug\nunittest.dll" id="7611aac2-710c-ca53-b968-e584743eac76">
      <Execution id="bb7cc420-d938-4b24-9861-4c40899ec795" />
      <TestMethod codeBase="C:/Users/Andres/Documents/Visual Studio 2010/Projects/Calculator/NUnitTest/bin/Debug/NUnitTest.DLL" adapterTypeName="Microsoft.VisualStudio.TestTools.TestTypes.Unit.UnitTestAdapter, Microsoft.VisualStudio.QualityTools.Tips.UnitTest.Adapter, Version=10.0.0.0, Culture=neutral, PublicKeyToken=b03f5f7f11d50a3a" className="NUnitTest.StringCalculatorTest, NUnitTest, Version=1.0.0.0, Culture=neutral, PublicKeyToken=null" name="new_lines_between_numbers" />
    </UnitTest>
    <UnitTest name="negatives_not_allowed" storage="c:\users\andres\documents\visual studio 2010\projects\calculator\nunittest\bin\debug\nunittest.dll" id="6a1f6c90-fad4-10ba-8b10-b4829103f0c8">
      <Execution id="b4a9e268-915d-44f2-b615-8762b25ad4e0" />
      <TestMethod codeBase="C:/Users/Andres/Documents/Visual Studio 2010/Projects/Calculator/NUnitTest/bin/Debug/NUnitTest.DLL" adapterTypeName="Microsoft.VisualStudio.TestTools.TestTypes.Unit.UnitTestAdapter, Microsoft.VisualStudio.QualityTools.Tips.UnitTest.Adapter, Version=10.0.0.0, Culture=neutral, PublicKeyToken=b03f5f7f11d50a3a" className="NUnitTest.StringCalculatorTest, NUnitTest, Version=1.0.0.0, Culture=neutral, PublicKeyToken=null" name="negatives_not_allowed" />
    </UnitTest>
    <UnitTest name="un_known_amount_of_numbers" storage="c:\users\andres\documents\visual studio 2010\projects\calculator\nunittest\bin\debug\nunittest.dll" id="2bf53988-bf24-42bd-c4fc-4456697d7912">
      <Execution id="13c3bbfe-558f-4266-8a5b-4d230b656ba2" />
      <TestMethod codeBase="C:/Users/Andres/Documents/Visual Studio 2010/Projects/Calculator/NUnitTest/bin/Debug/NUnitTest.DLL" adapterTypeName="Microsoft.VisualStudio.TestTools.TestTypes.Unit.UnitTestAdapter, Microsoft.VisualStudio.QualityTools.Tips.UnitTest.Adapter, Version=10.0.0.0, Culture=neutral, PublicKeyToken=b03f5f7f11d50a3a" className="NUnitTest.StringCalculatorTest, NUnitTest, Version=1.0.0.0, Culture=neutral, PublicKeyToken=null" name="un_known_amount_of_numbers" />
    </UnitTest>
    <UnitTest name="support_different_delimiters" storage="c:\users\andres\documents\visual studio 2010\projects\calculator\nunittest\bin\debug\nunittest.dll" id="807c457b-2550-9129-3164-14cfd598285d">
      <Execution id="580d5dec-d689-4220-87ae-f22b00e9d1fc" />
      <TestMethod codeBase="C:/Users/Andres/Documents/Visual Studio 2010/Projects/Calculator/NUnitTest/bin/Debug/NUnitTest.DLL" adapterTypeName="Microsoft.VisualStudio.TestTools.TestTypes.Unit.UnitTestAdapter, Microsoft.VisualStudio.QualityTools.Tips.UnitTest.Adapter, Version=10.0.0.0, Culture=neutral, PublicKeyToken=b03f5f7f11d50a3a" className="NUnitTest.StringCalculatorTest, NUnitTest, Version=1.0.0.0, Culture=neutral, PublicKeyToken=null" name="support_different_delimiters" />
    </UnitTest>
    <UnitTest name="one_number" storage="c:\users\andres\documents\visual studio 2010\projects\calculator\nunittest\bin\debug\nunittest.dll" id="8ba150d3-9f32-7fe0-2510-d0c4df829962">
      <Execution id="30d547cf-1f1f-4e66-9526-8788f3d443d3" />
      <TestMethod codeBase="C:/Users/Andres/Documents/Visual Studio 2010/Projects/Calculator/NUnitTest/bin/Debug/NUnitTest.DLL" adapterTypeName="Microsoft.VisualStudio.TestTools.TestTypes.Unit.UnitTestAdapter, Microsoft.VisualStudio.QualityTools.Tips.UnitTest.Adapter, Version=10.0.0.0, Culture=neutral, PublicKeyToken=b03f5f7f11d50a3a" className="NUnitTest.StringCalculatorTest, NUnitTest, Version=1.0.0.0, Culture=neutral, PublicKeyToken=null" name="one_number" />
    </UnitTest>
    <UnitTest name="two_numbers" storage="c:\users\andres\documents\visual studio 2010\projects\calculator\nunittest\bin\debug\nunittest.dll" id="b9cbc5df-4036-ad47-00ce-7fbab9a96fb7">
      <Execution id="4143c403-0d8c-4628-8cc2-79cc944add21" />
      <TestMethod codeBase="C:/Users/Andres/Documents/Visual Studio 2010/Projects/Calculator/NUnitTest/bin/Debug/NUnitTest.DLL" adapterTypeName="Microsoft.VisualStudio.TestTools.TestTypes.Unit.UnitTestAdapter, Microsoft.VisualStudio.QualityTools.Tips.UnitTest.Adapter, Version=10.0.0.0, Culture=neutral, PublicKeyToken=b03f5f7f11d50a3a" className="NUnitTest.StringCalculatorTest, NUnitTest, Version=1.0.0.0, Culture=neutral, PublicKeyToken=null" name="two_numbers" />
    </UnitTest>
  </TestDefinitions>
  <TestLists>
    <TestList name="Results Not in a List" id="8c84fa94-04c1-424b-9868-57a2d4851a1d" />
    <TestList name="All Loaded Results" id="19431567-8539-422a-85d7-44ee4e166bda" />
  </TestLists>
  <TestEntries>
    <TestEntry testId="2bf53988-bf24-42bd-c4fc-4456697d7912" executionId="13c3bbfe-558f-4266-8a5b-4d230b656ba2" testListId="8c84fa94-04c1-424b-9868-57a2d4851a1d" />
    <TestEntry testId="621079d6-8336-000a-8869-87123a3c877d" executionId="ce2b9cf5-2e2b-447c-9461-f5286c55f9ce" testListId="8c84fa94-04c1-424b-9868-57a2d4851a1d" />
    <TestEntry testId="6a1f6c90-fad4-10ba-8b10-b4829103f0c8" executionId="b4a9e268-915d-44f2-b615-8762b25ad4e0" testListId="8c84fa94-04c1-424b-9868-57a2d4851a1d" />
    <TestEntry testId="7611aac2-710c-ca53-b968-e584743eac76" executionId="bb7cc420-d938-4b24-9861-4c40899ec795" testListId="8c84fa94-04c1-424b-9868-57a2d4851a1d" />
    <TestEntry testId="807c457b-2550-9129-3164-14cfd598285d" executionId="580d5dec-d689-4220-87ae-f22b00e9d1fc" testListId="8c84fa94-04c1-424b-9868-57a2d4851a1d" />
    <TestEntry testId="8ba150d3-9f32-7fe0-2510-d0c4df829962" executionId="30d547cf-1f1f-4e66-9526-8788f3d443d3" testListId="8c84fa94-04c1-424b-9868-57a2d4851a1d" />
    <TestEntry testId="b7c03255-b974-aa6e-aa17-c7bdf9a317f1" executionId="d12691b8-40a9-420c-a62e-a3728a6e9623" testListId="8c84fa94-04c1-424b-9868-57a2d4851a1d" />
    <TestEntry testId="b9cbc5df-4036-ad47-00ce-7fbab9a96fb7" executionId="4143c403-0d8c-4628-8cc2-79cc944add21" testListId="8c84fa94-04c1-424b-9868-57a2d4851a1d" />
  </TestEntries>
  <Results>
    <UnitTestResult executionId="13c3bbfe-558f-4266-8a5b-4d230b656ba2" testId="2bf53988-bf24-42bd-c4fc-4456697d7912" testName="un_known_amount_of_numbers" computerName="ANDRES-PC" duration="00:00:00.0153884" startTime="2012-05-24T07:39:23.4084165-05:00" endTime="2012-05-24T07:39:23.5714259-05:00" testType="13cdc9d9-ddb5-4fa4-a97d-d965ccfc6d4b" outcome="Passed" testListId="8c84fa94-04c1-424b-9868-57a2d4851a1d" relativeResultsDirectory="13c3bbfe-558f-4266-8a5b-4d230b656ba2">
    </UnitTestResult>
    <UnitTestResult executionId="ce2b9cf5-2e2b-447c-9461-f5286c55f9ce" testId="621079d6-8336-000a-8869-87123a3c877d" testName="empty_string" computerName="ANDRES-PC" duration="00:00:00.0002052" startTime="2012-05-24T07:39:23.5724259-05:00" endTime="2012-05-24T07:39:23.5764261-05:00" testType="13cdc9d9-ddb5-4fa4-a97d-d965ccfc6d4b" outcome="Passed" testListId="8c84fa94-04c1-424b-9868-57a2d4851a1d" relativeResultsDirectory="ce2b9cf5-2e2b-447c-9461-f5286c55f9ce">
    </UnitTestResult>
    <UnitTestResult executionId="b4a9e268-915d-44f2-b615-8762b25ad4e0" testId="6a1f6c90-fad4-10ba-8b10-b4829103f0c8" testName="negatives_not_allowed" computerName="ANDRES-PC" duration="00:00:00.0141583" startTime="2012-05-24T07:39:23.5784263-05:00" endTime="2012-05-24T07:39:23.5954272-05:00" testType="13cdc9d9-ddb5-4fa4-a97d-d965ccfc6d4b" outcome="Failed" testListId="8c84fa94-04c1-424b-9868-57a2d4851a1d" relativeResultsDirectory="b4a9e268-915d-44f2-b615-8762b25ad4e0">
      <Output>
        <ErrorInfo>
          <Message>Test method NUnitTest.StringCalculatorTest.negatives_not_allowed threw exception: 
System.Exception: negatives not allowed: 3 4 5 </Message>
          <StackTrace>    at Calculator.StringCalculator.add(String number) in C:\Users\Andres\Documents\Visual Studio 2010\Projects\Calculator\Calculator\StringCalculator.cs:line 35
   at NUnitTest.StringCalculatorTest.negatives_not_allowed() in C:\Users\Andres\Documents\Visual Studio 2010\Projects\Calculator\NUnitTest\StringCalculatorTest.cs:line 84
</StackTrace>
        </ErrorInfo>
      </Output>
    </UnitTestResult>
    <UnitTestResult executionId="bb7cc420-d938-4b24-9861-4c40899ec795" testId="7611aac2-710c-ca53-b968-e584743eac76" testName="new_lines_between_numbers" computerName="ANDRES-PC" duration="00:00:00.0002073" startTime="2012-05-24T07:39:23.5974273-05:00" endTime="2012-05-24T07:39:23.6014276-05:00" testType="13cdc9d9-ddb5-4fa4-a97d-d965ccfc6d4b" outcome="Passed" testListId="8c84fa94-04c1-424b-9868-57a2d4851a1d" relativeResultsDirectory="bb7cc420-d938-4b24-9861-4c40899ec795">
    </UnitTestResult>
    <UnitTestResult executionId="580d5dec-d689-4220-87ae-f22b00e9d1fc" testId="807c457b-2550-9129-3164-14cfd598285d" testName="support_different_delimiters" computerName="ANDRES-PC" duration="00:00:00.0001939" startTime="2012-05-24T07:39:23.6024276-05:00" endTime="2012-05-24T07:39:23.6064279-05:00" testType="13cdc9d9-ddb5-4fa4-a97d-d965ccfc6d4b" outcome="Passed" testListId="8c84fa94-04c1-424b-9868-57a2d4851a1d" relativeResultsDirectory="580d5dec-d689-4220-87ae-f22b00e9d1fc">
    </UnitTestResult>
    <UnitTestResult executionId="30d547cf-1f1f-4e66-9526-8788f3d443d3" testId="8ba150d3-9f32-7fe0-2510-d0c4df829962" testName="one_number" computerName="ANDRES-PC" duration="00:00:00.0001944" startTime="2012-05-24T07:39:23.6074279-05:00" endTime="2012-05-24T07:39:23.6114281-05:00" testType="13cdc9d9-ddb5-4fa4-a97d-d965ccfc6d4b" outcome="Passed" testListId="8c84fa94-04c1-424b-9868-57a2d4851a1d" relativeResultsDirectory="30d547cf-1f1f-4e66-9526-8788f3d443d3">
    </UnitTestResult>
    <UnitTestResult executionId="d12691b8-40a9-420c-a62e-a3728a6e9623" testId="b7c03255-b974-aa6e-aa17-c7bdf9a317f1" testName="no_more_than_1000" computerName="ANDRES-PC" duration="00:00:00.0001914" startTime="2012-05-24T07:39:23.6134283-05:00" endTime="2012-05-24T07:39:23.6164284-05:00" testType="13cdc9d9-ddb5-4fa4-a97d-d965ccfc6d4b" outcome="Passed" testListId="8c84fa94-04c1-424b-9868-57a2d4851a1d" relativeResultsDirectory="d12691b8-40a9-420c-a62e-a3728a6e9623">
    </UnitTestResult>
    <UnitTestResult executionId="4143c403-0d8c-4628-8cc2-79cc944add21" testId="b9cbc5df-4036-ad47-00ce-7fbab9a96fb7" testName="two_numbers" computerName="ANDRES-PC" duration="00:00:00.0001914" startTime="2012-05-24T07:39:23.6174285-05:00" endTime="2012-05-24T07:39:23.6214287-05:00" testType="13cdc9d9-ddb5-4fa4-a97d-d965ccfc6d4b" outcome="Passed" testListId="8c84fa94-04c1-424b-9868-57a2d4851a1d" relativeResultsDirectory="4143c403-0d8c-4628-8cc2-79cc944add21">
    </UnitTestResult>
  </Results>
</TestRun>