<?xml version="1.0" encoding="UTF-8"?>
<TestRun id="ac686794-6c86-4350-ac77-d6b08dbcbb37" name="Andres@ANDRES-PC 2012-05-24 07:19:30" runUser="Andres-PC\Andres" xmlns="http://microsoft.com/schemas/VisualStudio/TeamTest/2010">
  <TestSettings name="Local" id="7f7fc7d1-7e94-415d-9175-777b81af175b">
    <Description>These are default test settings for a local test run.</Description>
    <Deployment enabled="false" runDeploymentRoot="Andres_ANDRES-PC 2012-05-24 07_19_30">
      <DeploymentItem filename="C:\Users\Andres\Documents\Visual Studio 2010\Projects\Calculator\Calculator\bin\Debug\Calculator.dll" />
    </Deployment>
    <Execution>
      <TestTypeSpecific />
      <AgentRule name="Execution Agents">
      </AgentRule>
    </Execution>
  </TestSettings>
  <Times creation="2012-05-24T07:19:30.2971745-05:00" queuing="2012-05-24T07:19:30.3261761-05:00" start="2012-05-24T07:19:30.3321765-05:00" finish="2012-05-24T07:19:30.5461887-05:00" />
  <ResultSummary outcome="Completed">
    <Counters total="7" executed="7" passed="7" error="0" failed="0" timeout="0" aborted="0" inconclusive="0" passedButRunAborted="0" notRunnable="0" notExecuted="0" disconnected="0" warning="0" completed="0" inProgress="0" pending="0" />
  </ResultSummary>
  <TestDefinitions>
    <UnitTest name="no_more_than_1000" storage="c:\users\andres\documents\visual studio 2010\projects\calculator\nunittest\bin\debug\nunittest.dll" id="b7c03255-b974-aa6e-aa17-c7bdf9a317f1">
      <Execution id="4d697edc-0a29-46b0-95b1-54f923f12983" />
      <TestMethod codeBase="C:/Users/Andres/Documents/Visual Studio 2010/Projects/Calculator/NUnitTest/bin/Debug/NUnitTest.DLL" adapterTypeName="Microsoft.VisualStudio.TestTools.TestTypes.Unit.UnitTestAdapter, Microsoft.VisualStudio.QualityTools.Tips.UnitTest.Adapter, Version=10.0.0.0, Culture=neutral, PublicKeyToken=b03f5f7f11d50a3a" className="NUnitTest.StringCalculatorTest, NUnitTest, Version=1.0.0.0, Culture=neutral, PublicKeyToken=null" name="no_more_than_1000" />
    </UnitTest>
    <UnitTest name="empty_string" storage="c:\users\andres\documents\visual studio 2010\projects\calculator\nunittest\bin\debug\nunittest.dll" id="621079d6-8336-000a-8869-87123a3c877d">
      <Execution id="e75002c8-e1b1-40a9-b3d5-3b563af4ec64" />
      <TestMethod codeBase="C:/Users/Andres/Documents/Visual Studio 2010/Projects/Calculator/NUnitTest/bin/Debug/NUnitTest.DLL" adapterTypeName="Microsoft.VisualStudio.TestTools.TestTypes.Unit.UnitTestAdapter, Microsoft.VisualStudio.QualityTools.Tips.UnitTest.Adapter, Version=10.0.0.0, Culture=neutral, PublicKeyToken=b03f5f7f11d50a3a" className="NUnitTest.StringCalculatorTest, NUnitTest, Version=1.0.0.0, Culture=neutral, PublicKeyToken=null" name="empty_string" />
    </UnitTest>
    <UnitTest name="new_lines_between_numbers" storage="c:\users\andres\documents\visual studio 2010\projects\calculator\nunittest\bin\debug\nunittest.dll" id="7611aac2-710c-ca53-b968-e584743eac76">
      <Execution id="f8f0b679-ddd4-4891-8869-f2cfc332e203" />
      <TestMethod codeBase="C:/Users/Andres/Documents/Visual Studio 2010/Projects/Calculator/NUnitTest/bin/Debug/NUnitTest.DLL" adapterTypeName="Microsoft.VisualStudio.TestTools.TestTypes.Unit.UnitTestAdapter, Microsoft.VisualStudio.QualityTools.Tips.UnitTest.Adapter, Version=10.0.0.0, Culture=neutral, PublicKeyToken=b03f5f7f11d50a3a" className="NUnitTest.StringCalculatorTest, NUnitTest, Version=1.0.0.0, Culture=neutral, PublicKeyToken=null" name="new_lines_between_numbers" />
    </UnitTest>
    <UnitTest name="un_known_amount_of_numbers" storage="c:\users\andres\documents\visual studio 2010\projects\calculator\nunittest\bin\debug\nunittest.dll" id="2bf53988-bf24-42bd-c4fc-4456697d7912">
      <Execution id="2a5678d6-cce8-4a85-a0e2-d3be88fd83be" />
      <TestMethod codeBase="C:/Users/Andres/Documents/Visual Studio 2010/Projects/Calculator/NUnitTest/bin/Debug/NUnitTest.DLL" adapterTypeName="Microsoft.VisualStudio.TestTools.TestTypes.Unit.UnitTestAdapter, Microsoft.VisualStudio.QualityTools.Tips.UnitTest.Adapter, Version=10.0.0.0, Culture=neutral, PublicKeyToken=b03f5f7f11d50a3a" className="NUnitTest.StringCalculatorTest, NUnitTest, Version=1.0.0.0, Culture=neutral, PublicKeyToken=null" name="un_known_amount_of_numbers" />
    </UnitTest>
    <UnitTest name="support_different_delimiters" storage="c:\users\andres\documents\visual studio 2010\projects\calculator\nunittest\bin\debug\nunittest.dll" id="807c457b-2550-9129-3164-14cfd598285d">
      <Execution id="4cd5f993-ea59-4f81-bded-a1f5f774f8b5" />
      <TestMethod codeBase="C:/Users/Andres/Documents/Visual Studio 2010/Projects/Calculator/NUnitTest/bin/Debug/NUnitTest.DLL" adapterTypeName="Microsoft.VisualStudio.TestTools.TestTypes.Unit.UnitTestAdapter, Microsoft.VisualStudio.QualityTools.Tips.UnitTest.Adapter, Version=10.0.0.0, Culture=neutral, PublicKeyToken=b03f5f7f11d50a3a" className="NUnitTest.StringCalculatorTest, NUnitTest, Version=1.0.0.0, Culture=neutral, PublicKeyToken=null" name="support_different_delimiters" />
    </UnitTest>
    <UnitTest name="one_number" storage="c:\users\andres\documents\visual studio 2010\projects\calculator\nunittest\bin\debug\nunittest.dll" id="8ba150d3-9f32-7fe0-2510-d0c4df829962">
      <Execution id="51b4474a-1a64-4557-ae80-5b05f001c843" />
      <TestMethod codeBase="C:/Users/Andres/Documents/Visual Studio 2010/Projects/Calculator/NUnitTest/bin/Debug/NUnitTest.DLL" adapterTypeName="Microsoft.VisualStudio.TestTools.TestTypes.Unit.UnitTestAdapter, Microsoft.VisualStudio.QualityTools.Tips.UnitTest.Adapter, Version=10.0.0.0, Culture=neutral, PublicKeyToken=b03f5f7f11d50a3a" className="NUnitTest.StringCalculatorTest, NUnitTest, Version=1.0.0.0, Culture=neutral, PublicKeyToken=null" name="one_number" />
    </UnitTest>
    <UnitTest name="two_numbers" storage="c:\users\andres\documents\visual studio 2010\projects\calculator\nunittest\bin\debug\nunittest.dll" id="b9cbc5df-4036-ad47-00ce-7fbab9a96fb7">
      <Execution id="f7a02535-779b-4146-a36f-b97690fc4bca" />
      <TestMethod codeBase="C:/Users/Andres/Documents/Visual Studio 2010/Projects/Calculator/NUnitTest/bin/Debug/NUnitTest.DLL" adapterTypeName="Microsoft.VisualStudio.TestTools.TestTypes.Unit.UnitTestAdapter, Microsoft.VisualStudio.QualityTools.Tips.UnitTest.Adapter, Version=10.0.0.0, Culture=neutral, PublicKeyToken=b03f5f7f11d50a3a" className="NUnitTest.StringCalculatorTest, NUnitTest, Version=1.0.0.0, Culture=neutral, PublicKeyToken=null" name="two_numbers" />
    </UnitTest>
  </TestDefinitions>
  <TestLists>
    <TestList name="Results Not in a List" id="8c84fa94-04c1-424b-9868-57a2d4851a1d" />
    <TestList name="All Loaded Results" id="19431567-8539-422a-85d7-44ee4e166bda" />
  </TestLists>
  <TestEntries>
    <TestEntry testId="2bf53988-bf24-42bd-c4fc-4456697d7912" executionId="2a5678d6-cce8-4a85-a0e2-d3be88fd83be" testListId="8c84fa94-04c1-424b-9868-57a2d4851a1d" />
    <TestEntry testId="621079d6-8336-000a-8869-87123a3c877d" executionId="e75002c8-e1b1-40a9-b3d5-3b563af4ec64" testListId="8c84fa94-04c1-424b-9868-57a2d4851a1d" />
    <TestEntry testId="7611aac2-710c-ca53-b968-e584743eac76" executionId="f8f0b679-ddd4-4891-8869-f2cfc332e203" testListId="8c84fa94-04c1-424b-9868-57a2d4851a1d" />
    <TestEntry testId="807c457b-2550-9129-3164-14cfd598285d" executionId="4cd5f993-ea59-4f81-bded-a1f5f774f8b5" testListId="8c84fa94-04c1-424b-9868-57a2d4851a1d" />
    <TestEntry testId="8ba150d3-9f32-7fe0-2510-d0c4df829962" executionId="51b4474a-1a64-4557-ae80-5b05f001c843" testListId="8c84fa94-04c1-424b-9868-57a2d4851a1d" />
    <TestEntry testId="b7c03255-b974-aa6e-aa17-c7bdf9a317f1" executionId="4d697edc-0a29-46b0-95b1-54f923f12983" testListId="8c84fa94-04c1-424b-9868-57a2d4851a1d" />
    <TestEntry testId="b9cbc5df-4036-ad47-00ce-7fbab9a96fb7" executionId="f7a02535-779b-4146-a36f-b97690fc4bca" testListId="8c84fa94-04c1-424b-9868-57a2d4851a1d" />
  </TestEntries>
  <Results>
    <UnitTestResult executionId="2a5678d6-cce8-4a85-a0e2-d3be88fd83be" testId="2bf53988-bf24-42bd-c4fc-4456697d7912" testName="un_known_amount_of_numbers" computerName="ANDRES-PC" duration="00:00:00.0148732" startTime="2012-05-24T07:19:30.3351766-05:00" endTime="2012-05-24T07:19:30.4971859-05:00" testType="13cdc9d9-ddb5-4fa4-a97d-d965ccfc6d4b" outcome="Passed" testListId="8c84fa94-04c1-424b-9868-57a2d4851a1d" relativeResultsDirectory="2a5678d6-cce8-4a85-a0e2-d3be88fd83be">
    </UnitTestResult>
    <UnitTestResult executionId="e75002c8-e1b1-40a9-b3d5-3b563af4ec64" testId="621079d6-8336-000a-8869-87123a3c877d" testName="empty_string" computerName="ANDRES-PC" duration="00:00:00.0001955" startTime="2012-05-24T07:19:30.4991860-05:00" endTime="2012-05-24T07:19:30.5031863-05:00" testType="13cdc9d9-ddb5-4fa4-a97d-d965ccfc6d4b" outcome="Passed" testListId="8c84fa94-04c1-424b-9868-57a2d4851a1d" relativeResultsDirectory="e75002c8-e1b1-40a9-b3d5-3b563af4ec64">
    </UnitTestResult>
    <UnitTestResult executionId="f8f0b679-ddd4-4891-8869-f2cfc332e203" testId="7611aac2-710c-ca53-b968-e584743eac76" testName="new_lines_between_numbers" computerName="ANDRES-PC" duration="00:00:00.0001929" startTime="2012-05-24T07:19:30.5041863-05:00" endTime="2012-05-24T07:19:30.5081865-05:00" testType="13cdc9d9-ddb5-4fa4-a97d-d965ccfc6d4b" outcome="Passed" testListId="8c84fa94-04c1-424b-9868-57a2d4851a1d" relativeResultsDirectory="f8f0b679-ddd4-4891-8869-f2cfc332e203">
    </UnitTestResult>
    <UnitTestResult executionId="4cd5f993-ea59-4f81-bded-a1f5f774f8b5" testId="807c457b-2550-9129-3164-14cfd598285d" testName="support_different_delimiters" computerName="ANDRES-PC" duration="00:00:00.0001970" startTime="2012-05-24T07:19:30.5091866-05:00" endTime="2012-05-24T07:19:30.5131868-05:00" testType="13cdc9d9-ddb5-4fa4-a97d-d965ccfc6d4b" outcome="Passed" testListId="8c84fa94-04c1-424b-9868-57a2d4851a1d" relativeResultsDirectory="4cd5f993-ea59-4f81-bded-a1f5f774f8b5">
    </UnitTestResult>
    <UnitTestResult executionId="51b4474a-1a64-4557-ae80-5b05f001c843" testId="8ba150d3-9f32-7fe0-2510-d0c4df829962" testName="one_number" computerName="ANDRES-PC" duration="00:00:00.0001939" startTime="2012-05-24T07:19:30.5141869-05:00" endTime="2012-05-24T07:19:30.5181871-05:00" testType="13cdc9d9-ddb5-4fa4-a97d-d965ccfc6d4b" outcome="Passed" testListId="8c84fa94-04c1-424b-9868-57a2d4851a1d" relativeResultsDirectory="51b4474a-1a64-4557-ae80-5b05f001c843">
    </UnitTestResult>
    <UnitTestResult executionId="4d697edc-0a29-46b0-95b1-54f923f12983" testId="b7c03255-b974-aa6e-aa17-c7bdf9a317f1" testName="no_more_than_1000" computerName="ANDRES-PC" duration="00:00:00.0002016" startTime="2012-05-24T07:19:30.5191872-05:00" endTime="2012-05-24T07:19:30.5231874-05:00" testType="13cdc9d9-ddb5-4fa4-a97d-d965ccfc6d4b" outcome="Passed" testListId="8c84fa94-04c1-424b-9868-57a2d4851a1d" relativeResultsDirectory="4d697edc-0a29-46b0-95b1-54f923f12983">
    </UnitTestResult>
    <UnitTestResult executionId="f7a02535-779b-4146-a36f-b97690fc4bca" testId="b9cbc5df-4036-ad47-00ce-7fbab9a96fb7" testName="two_numbers" computerName="ANDRES-PC" duration="00:00:00.0002037" startTime="2012-05-24T07:19:30.5251875-05:00" endTime="2012-05-24T07:19:30.5291877-05:00" testType="13cdc9d9-ddb5-4fa4-a97d-d965ccfc6d4b" outcome="Passed" testListId="8c84fa94-04c1-424b-9868-57a2d4851a1d" relativeResultsDirectory="f7a02535-779b-4146-a36f-b97690fc4bca">
    </UnitTestResult>
  </Results>
</TestRun>