<?xml version="1.0" encoding="UTF-8"?>
<TestRun id="c157c2f4-889d-442c-b979-54683f1be89b" name="Andres@ANDRES-PC 2012-05-24 07:30:57" runUser="Andres-PC\Andres" xmlns="http://microsoft.com/schemas/VisualStudio/TeamTest/2010">
  <TestSettings name="Local" id="7f7fc7d1-7e94-415d-9175-777b81af175b">
    <Description>These are default test settings for a local test run.</Description>
    <Deployment enabled="false" runDeploymentRoot="Andres_ANDRES-PC 2012-05-24 07_30_57">
      <DeploymentItem filename="C:\Users\Andres\Documents\Visual Studio 2010\Projects\Calculator\Calculator\bin\Debug\Calculator.dll" />
    </Deployment>
    <Execution>
      <TestTypeSpecific />
      <AgentRule name="Execution Agents">
      </AgentRule>
    </Execution>
  </TestSettings>
  <Times creation="2012-05-24T07:30:57.6524890-05:00" queuing="2012-05-24T07:30:57.6754903-05:00" start="2012-05-24T07:30:57.6814906-05:00" finish="2012-05-24T07:30:57.8955029-05:00" />
  <ResultSummary outcome="Completed">
    <Counters total="8" executed="8" passed="8" error="0" failed="0" timeout="0" aborted="0" inconclusive="0" passedButRunAborted="0" notRunnable="0" notExecuted="0" disconnected="0" warning="0" completed="0" inProgress="0" pending="0" />
  </ResultSummary>
  <TestDefinitions>
    <UnitTest name="no_more_than_1000" storage="c:\users\andres\documents\visual studio 2010\projects\calculator\nunittest\bin\debug\nunittest.dll" id="b7c03255-b974-aa6e-aa17-c7bdf9a317f1">
      <Execution id="d8260094-1ad5-4c28-9d43-602fb62315bb" />
      <TestMethod codeBase="C:/Users/Andres/Documents/Visual Studio 2010/Projects/Calculator/NUnitTest/bin/Debug/NUnitTest.DLL" adapterTypeName="Microsoft.VisualStudio.TestTools.TestTypes.Unit.UnitTestAdapter, Microsoft.VisualStudio.QualityTools.Tips.UnitTest.Adapter, Version=10.0.0.0, Culture=neutral, PublicKeyToken=b03f5f7f11d50a3a" className="NUnitTest.StringCalculatorTest, NUnitTest, Version=1.0.0.0, Culture=neutral, PublicKeyToken=null" name="no_more_than_1000" />
    </UnitTest>
    <UnitTest name="empty_string" storage="c:\users\andres\documents\visual studio 2010\projects\calculator\nunittest\bin\debug\nunittest.dll" id="621079d6-8336-000a-8869-87123a3c877d">
      <Execution id="fda04c29-b825-4f23-9e3e-47d72ae007f0" />
      <TestMethod codeBase="C:/Users/Andres/Documents/Visual Studio 2010/Projects/Calculator/NUnitTest/bin/Debug/NUnitTest.DLL" adapterTypeName="Microsoft.VisualStudio.TestTools.TestTypes.Unit.UnitTestAdapter, Microsoft.VisualStudio.QualityTools.Tips.UnitTest.Adapter, Version=10.0.0.0, Culture=neutral, PublicKeyToken=b03f5f7f11d50a3a" className="NUnitTest.StringCalculatorTest, NUnitTest, Version=1.0.0.0, Culture=neutral, PublicKeyToken=null" name="empty_string" />
    </UnitTest>
    <UnitTest name="new_lines_between_numbers" storage="c:\users\andres\documents\visual studio 2010\projects\calculator\nunittest\bin\debug\nunittest.dll" id="7611aac2-710c-ca53-b968-e584743eac76">
      <Execution id="cc96d771-edc6-4925-af67-45b397c43f21" />
      <TestMethod codeBase="C:/Users/Andres/Documents/Visual Studio 2010/Projects/Calculator/NUnitTest/bin/Debug/NUnitTest.DLL" adapterTypeName="Microsoft.VisualStudio.TestTools.TestTypes.Unit.UnitTestAdapter, Microsoft.VisualStudio.QualityTools.Tips.UnitTest.Adapter, Version=10.0.0.0, Culture=neutral, PublicKeyToken=b03f5f7f11d50a3a" className="NUnitTest.StringCalculatorTest, NUnitTest, Version=1.0.0.0, Culture=neutral, PublicKeyToken=null" name="new_lines_between_numbers" />
    </UnitTest>
    <UnitTest name="negatives_not_allowed" storage="c:\users\andres\documents\visual studio 2010\projects\calculator\nunittest\bin\debug\nunittest.dll" id="6a1f6c90-fad4-10ba-8b10-b4829103f0c8">
      <Execution id="ef87c245-a96d-4a6a-8ddc-67d2646c4567" />
      <TestMethod codeBase="C:/Users/Andres/Documents/Visual Studio 2010/Projects/Calculator/NUnitTest/bin/Debug/NUnitTest.DLL" adapterTypeName="Microsoft.VisualStudio.TestTools.TestTypes.Unit.UnitTestAdapter, Microsoft.VisualStudio.QualityTools.Tips.UnitTest.Adapter, Version=10.0.0.0, Culture=neutral, PublicKeyToken=b03f5f7f11d50a3a" className="NUnitTest.StringCalculatorTest, NUnitTest, Version=1.0.0.0, Culture=neutral, PublicKeyToken=null" name="negatives_not_allowed" />
    </UnitTest>
    <UnitTest name="un_known_amount_of_numbers" storage="c:\users\andres\documents\visual studio 2010\projects\calculator\nunittest\bin\debug\nunittest.dll" id="2bf53988-bf24-42bd-c4fc-4456697d7912">
      <Execution id="3885e42d-d88f-4a84-aba1-06a44f9fb166" />
      <TestMethod codeBase="C:/Users/Andres/Documents/Visual Studio 2010/Projects/Calculator/NUnitTest/bin/Debug/NUnitTest.DLL" adapterTypeName="Microsoft.VisualStudio.TestTools.TestTypes.Unit.UnitTestAdapter, Microsoft.VisualStudio.QualityTools.Tips.UnitTest.Adapter, Version=10.0.0.0, Culture=neutral, PublicKeyToken=b03f5f7f11d50a3a" className="NUnitTest.StringCalculatorTest, NUnitTest, Version=1.0.0.0, Culture=neutral, PublicKeyToken=null" name="un_known_amount_of_numbers" />
    </UnitTest>
    <UnitTest name="support_different_delimiters" storage="c:\users\andres\documents\visual studio 2010\projects\calculator\nunittest\bin\debug\nunittest.dll" id="807c457b-2550-9129-3164-14cfd598285d">
      <Execution id="fb0160d0-1b6f-4918-a8e2-7b82366a74a3" />
      <TestMethod codeBase="C:/Users/Andres/Documents/Visual Studio 2010/Projects/Calculator/NUnitTest/bin/Debug/NUnitTest.DLL" adapterTypeName="Microsoft.VisualStudio.TestTools.TestTypes.Unit.UnitTestAdapter, Microsoft.VisualStudio.QualityTools.Tips.UnitTest.Adapter, Version=10.0.0.0, Culture=neutral, PublicKeyToken=b03f5f7f11d50a3a" className="NUnitTest.StringCalculatorTest, NUnitTest, Version=1.0.0.0, Culture=neutral, PublicKeyToken=null" name="support_different_delimiters" />
    </UnitTest>
    <UnitTest name="one_number" storage="c:\users\andres\documents\visual studio 2010\projects\calculator\nunittest\bin\debug\nunittest.dll" id="8ba150d3-9f32-7fe0-2510-d0c4df829962">
      <Execution id="28e2a79e-f919-4fc0-9f3a-f8d36e675aaa" />
      <TestMethod codeBase="C:/Users/Andres/Documents/Visual Studio 2010/Projects/Calculator/NUnitTest/bin/Debug/NUnitTest.DLL" adapterTypeName="Microsoft.VisualStudio.TestTools.TestTypes.Unit.UnitTestAdapter, Microsoft.VisualStudio.QualityTools.Tips.UnitTest.Adapter, Version=10.0.0.0, Culture=neutral, PublicKeyToken=b03f5f7f11d50a3a" className="NUnitTest.StringCalculatorTest, NUnitTest, Version=1.0.0.0, Culture=neutral, PublicKeyToken=null" name="one_number" />
    </UnitTest>
    <UnitTest name="two_numbers" storage="c:\users\andres\documents\visual studio 2010\projects\calculator\nunittest\bin\debug\nunittest.dll" id="b9cbc5df-4036-ad47-00ce-7fbab9a96fb7">
      <Execution id="b69ae841-80bb-4eb3-9cbb-b4f59277a4b8" />
      <TestMethod codeBase="C:/Users/Andres/Documents/Visual Studio 2010/Projects/Calculator/NUnitTest/bin/Debug/NUnitTest.DLL" adapterTypeName="Microsoft.VisualStudio.TestTools.TestTypes.Unit.UnitTestAdapter, Microsoft.VisualStudio.QualityTools.Tips.UnitTest.Adapter, Version=10.0.0.0, Culture=neutral, PublicKeyToken=b03f5f7f11d50a3a" className="NUnitTest.StringCalculatorTest, NUnitTest, Version=1.0.0.0, Culture=neutral, PublicKeyToken=null" name="two_numbers" />
    </UnitTest>
  </TestDefinitions>
  <TestLists>
    <TestList name="Results Not in a List" id="8c84fa94-04c1-424b-9868-57a2d4851a1d" />
    <TestList name="All Loaded Results" id="19431567-8539-422a-85d7-44ee4e166bda" />
  </TestLists>
  <TestEntries>
    <TestEntry testId="2bf53988-bf24-42bd-c4fc-4456697d7912" executionId="3885e42d-d88f-4a84-aba1-06a44f9fb166" testListId="8c84fa94-04c1-424b-9868-57a2d4851a1d" />
    <TestEntry testId="621079d6-8336-000a-8869-87123a3c877d" executionId="fda04c29-b825-4f23-9e3e-47d72ae007f0" testListId="8c84fa94-04c1-424b-9868-57a2d4851a1d" />
    <TestEntry testId="6a1f6c90-fad4-10ba-8b10-b4829103f0c8" executionId="ef87c245-a96d-4a6a-8ddc-67d2646c4567" testListId="8c84fa94-04c1-424b-9868-57a2d4851a1d" />
    <TestEntry testId="7611aac2-710c-ca53-b968-e584743eac76" executionId="cc96d771-edc6-4925-af67-45b397c43f21" testListId="8c84fa94-04c1-424b-9868-57a2d4851a1d" />
    <TestEntry testId="807c457b-2550-9129-3164-14cfd598285d" executionId="fb0160d0-1b6f-4918-a8e2-7b82366a74a3" testListId="8c84fa94-04c1-424b-9868-57a2d4851a1d" />
    <TestEntry testId="8ba150d3-9f32-7fe0-2510-d0c4df829962" executionId="28e2a79e-f919-4fc0-9f3a-f8d36e675aaa" testListId="8c84fa94-04c1-424b-9868-57a2d4851a1d" />
    <TestEntry testId="b7c03255-b974-aa6e-aa17-c7bdf9a317f1" executionId="d8260094-1ad5-4c28-9d43-602fb62315bb" testListId="8c84fa94-04c1-424b-9868-57a2d4851a1d" />
    <TestEntry testId="b9cbc5df-4036-ad47-00ce-7fbab9a96fb7" executionId="b69ae841-80bb-4eb3-9cbb-b4f59277a4b8" testListId="8c84fa94-04c1-424b-9868-57a2d4851a1d" />
  </TestEntries>
  <Results>
    <UnitTestResult executionId="3885e42d-d88f-4a84-aba1-06a44f9fb166" testId="2bf53988-bf24-42bd-c4fc-4456697d7912" testName="un_known_amount_of_numbers" computerName="ANDRES-PC" duration="00:00:00.0148752" startTime="2012-05-24T07:30:57.6834907-05:00" endTime="2012-05-24T07:30:57.8475001-05:00" testType="13cdc9d9-ddb5-4fa4-a97d-d965ccfc6d4b" outcome="Passed" testListId="8c84fa94-04c1-424b-9868-57a2d4851a1d" relativeResultsDirectory="3885e42d-d88f-4a84-aba1-06a44f9fb166">
    </UnitTestResult>
    <UnitTestResult executionId="fda04c29-b825-4f23-9e3e-47d72ae007f0" testId="621079d6-8336-000a-8869-87123a3c877d" testName="empty_string" computerName="ANDRES-PC" duration="00:00:00.0001980" startTime="2012-05-24T07:30:57.8495002-05:00" endTime="2012-05-24T07:30:57.8535004-05:00" testType="13cdc9d9-ddb5-4fa4-a97d-d965ccfc6d4b" outcome="Passed" testListId="8c84fa94-04c1-424b-9868-57a2d4851a1d" relativeResultsDirectory="fda04c29-b825-4f23-9e3e-47d72ae007f0">
    </UnitTestResult>
    <UnitTestResult executionId="ef87c245-a96d-4a6a-8ddc-67d2646c4567" testId="6a1f6c90-fad4-10ba-8b10-b4829103f0c8" testName="negatives_not_allowed" computerName="ANDRES-PC" duration="00:00:00.0002791" startTime="2012-05-24T07:30:57.8545005-05:00" endTime="2012-05-24T07:30:57.8585007-05:00" testType="13cdc9d9-ddb5-4fa4-a97d-d965ccfc6d4b" outcome="Passed" testListId="8c84fa94-04c1-424b-9868-57a2d4851a1d" relativeResultsDirectory="ef87c245-a96d-4a6a-8ddc-67d2646c4567">
    </UnitTestResult>
    <UnitTestResult executionId="cc96d771-edc6-4925-af67-45b397c43f21" testId="7611aac2-710c-ca53-b968-e584743eac76" testName="new_lines_between_numbers" computerName="ANDRES-PC" duration="00:00:00.0001919" startTime="2012-05-24T07:30:57.8605008-05:00" endTime="2012-05-24T07:30:57.8635010-05:00" testType="13cdc9d9-ddb5-4fa4-a97d-d965ccfc6d4b" outcome="Passed" testListId="8c84fa94-04c1-424b-9868-57a2d4851a1d" relativeResultsDirectory="cc96d771-edc6-4925-af67-45b397c43f21">
    </UnitTestResult>
    <UnitTestResult executionId="fb0160d0-1b6f-4918-a8e2-7b82366a74a3" testId="807c457b-2550-9129-3164-14cfd598285d" testName="support_different_delimiters" computerName="ANDRES-PC" duration="00:00:00.0001996" startTime="2012-05-24T07:30:57.8655011-05:00" endTime="2012-05-24T07:30:57.8685013-05:00" testType="13cdc9d9-ddb5-4fa4-a97d-d965ccfc6d4b" outcome="Passed" testListId="8c84fa94-04c1-424b-9868-57a2d4851a1d" relativeResultsDirectory="fb0160d0-1b6f-4918-a8e2-7b82366a74a3">
    </UnitTestResult>
    <UnitTestResult executionId="28e2a79e-f919-4fc0-9f3a-f8d36e675aaa" testId="8ba150d3-9f32-7fe0-2510-d0c4df829962" testName="one_number" computerName="ANDRES-PC" duration="00:00:00.0001801" startTime="2012-05-24T07:30:57.8705014-05:00" endTime="2012-05-24T07:30:57.8735016-05:00" testType="13cdc9d9-ddb5-4fa4-a97d-d965ccfc6d4b" outcome="Passed" testListId="8c84fa94-04c1-424b-9868-57a2d4851a1d" relativeResultsDirectory="28e2a79e-f919-4fc0-9f3a-f8d36e675aaa">
    </UnitTestResult>
    <UnitTestResult executionId="d8260094-1ad5-4c28-9d43-602fb62315bb" testId="b7c03255-b974-aa6e-aa17-c7bdf9a317f1" testName="no_more_than_1000" computerName="ANDRES-PC" duration="00:00:00.0001842" startTime="2012-05-24T07:30:57.8745016-05:00" endTime="2012-05-24T07:30:57.8785019-05:00" testType="13cdc9d9-ddb5-4fa4-a97d-d965ccfc6d4b" outcome="Passed" testListId="8c84fa94-04c1-424b-9868-57a2d4851a1d" relativeResultsDirectory="d8260094-1ad5-4c28-9d43-602fb62315bb">
    </UnitTestResult>
    <UnitTestResult executionId="b69ae841-80bb-4eb3-9cbb-b4f59277a4b8" testId="b9cbc5df-4036-ad47-00ce-7fbab9a96fb7" testName="two_numbers" computerName="ANDRES-PC" duration="00:00:00.0001744" startTime="2012-05-24T07:30:57.8795019-05:00" endTime="2012-05-24T07:30:57.8825021-05:00" testType="13cdc9d9-ddb5-4fa4-a97d-d965ccfc6d4b" outcome="Passed" testListId="8c84fa94-04c1-424b-9868-57a2d4851a1d" relativeResultsDirectory="b69ae841-80bb-4eb3-9cbb-b4f59277a4b8">
    </UnitTestResult>
  </Results>
</TestRun>