<?xml version="1.0" encoding="UTF-8"?>
<TestRun id="ddba7012-024d-4845-b85f-1674314d854b" name="Andres@ANDRES-PC 2012-05-24 06:51:52" runUser="Andres-PC\Andres" xmlns="http://microsoft.com/schemas/VisualStudio/TeamTest/2010">
  <TestSettings name="Local" id="7f7fc7d1-7e94-415d-9175-777b81af175b">
    <Description>These are default test settings for a local test run.</Description>
    <Deployment enabled="false" runDeploymentRoot="Andres_ANDRES-PC 2012-05-24 06_51_52">
      <DeploymentItem filename="C:\Users\Andres\Documents\Visual Studio 2010\Projects\Calculator\Calculator\bin\Debug\Calculator.dll" />
    </Deployment>
    <Execution>
      <TestTypeSpecific />
      <AgentRule name="Execution Agents">
      </AgentRule>
    </Execution>
  </TestSettings>
  <Times creation="2012-05-24T06:51:52.0193264-05:00" queuing="2012-05-24T06:51:52.0423277-05:00" start="2012-05-24T06:51:52.0473280-05:00" finish="2012-05-24T06:51:52.2863417-05:00" />
  <ResultSummary outcome="Completed">
    <Counters total="4" executed="4" passed="4" error="0" failed="0" timeout="0" aborted="0" inconclusive="0" passedButRunAborted="0" notRunnable="0" notExecuted="0" disconnected="0" warning="0" completed="0" inProgress="0" pending="0" />
  </ResultSummary>
  <TestDefinitions>
    <UnitTest name="empty_string" storage="c:\users\andres\documents\visual studio 2010\projects\calculator\nunittest\bin\debug\nunittest.dll" id="621079d6-8336-000a-8869-87123a3c877d">
      <Execution id="e6df0569-ccfa-4e8d-af35-542afcd2c75d" />
      <TestMethod codeBase="C:/Users/Andres/Documents/Visual Studio 2010/Projects/Calculator/NUnitTest/bin/Debug/NUnitTest.DLL" adapterTypeName="Microsoft.VisualStudio.TestTools.TestTypes.Unit.UnitTestAdapter, Microsoft.VisualStudio.QualityTools.Tips.UnitTest.Adapter, Version=10.0.0.0, Culture=neutral, PublicKeyToken=b03f5f7f11d50a3a" className="NUnitTest.StringCalculatorTest, NUnitTest, Version=1.0.0.0, Culture=neutral, PublicKeyToken=null" name="empty_string" />
    </UnitTest>
    <UnitTest name="two_numbers" storage="c:\users\andres\documents\visual studio 2010\projects\calculator\nunittest\bin\debug\nunittest.dll" id="b9cbc5df-4036-ad47-00ce-7fbab9a96fb7">
      <Execution id="7c3647fc-b114-4c9d-a167-534a27f794ed" />
      <TestMethod codeBase="C:/Users/Andres/Documents/Visual Studio 2010/Projects/Calculator/NUnitTest/bin/Debug/NUnitTest.DLL" adapterTypeName="Microsoft.VisualStudio.TestTools.TestTypes.Unit.UnitTestAdapter, Microsoft.VisualStudio.QualityTools.Tips.UnitTest.Adapter, Version=10.0.0.0, Culture=neutral, PublicKeyToken=b03f5f7f11d50a3a" className="NUnitTest.StringCalculatorTest, NUnitTest, Version=1.0.0.0, Culture=neutral, PublicKeyToken=null" name="two_numbers" />
    </UnitTest>
    <UnitTest name="one_number" storage="c:\users\andres\documents\visual studio 2010\projects\calculator\nunittest\bin\debug\nunittest.dll" id="8ba150d3-9f32-7fe0-2510-d0c4df829962">
      <Execution id="05308412-3f9f-4e9d-99a8-8dd9f88ba9d3" />
      <TestMethod codeBase="C:/Users/Andres/Documents/Visual Studio 2010/Projects/Calculator/NUnitTest/bin/Debug/NUnitTest.DLL" adapterTypeName="Microsoft.VisualStudio.TestTools.TestTypes.Unit.UnitTestAdapter, Microsoft.VisualStudio.QualityTools.Tips.UnitTest.Adapter, Version=10.0.0.0, Culture=neutral, PublicKeyToken=b03f5f7f11d50a3a" className="NUnitTest.StringCalculatorTest, NUnitTest, Version=1.0.0.0, Culture=neutral, PublicKeyToken=null" name="one_number" />
    </UnitTest>
    <UnitTest name="un_known_amount_of_numbers" storage="c:\users\andres\documents\visual studio 2010\projects\calculator\nunittest\bin\debug\nunittest.dll" id="2bf53988-bf24-42bd-c4fc-4456697d7912">
      <Execution id="ab941b6c-4a7c-4779-9b15-4e02359b469f" />
      <TestMethod codeBase="C:/Users/Andres/Documents/Visual Studio 2010/Projects/Calculator/NUnitTest/bin/Debug/NUnitTest.DLL" adapterTypeName="Microsoft.VisualStudio.TestTools.TestTypes.Unit.UnitTestAdapter, Microsoft.VisualStudio.QualityTools.Tips.UnitTest.Adapter, Version=10.0.0.0, Culture=neutral, PublicKeyToken=b03f5f7f11d50a3a" className="NUnitTest.StringCalculatorTest, NUnitTest, Version=1.0.0.0, Culture=neutral, PublicKeyToken=null" name="un_known_amount_of_numbers" />
    </UnitTest>
  </TestDefinitions>
  <TestLists>
    <TestList name="Results Not in a List" id="8c84fa94-04c1-424b-9868-57a2d4851a1d" />
    <TestList name="All Loaded Results" id="19431567-8539-422a-85d7-44ee4e166bda" />
  </TestLists>
  <TestEntries>
    <TestEntry testId="2bf53988-bf24-42bd-c4fc-4456697d7912" executionId="ab941b6c-4a7c-4779-9b15-4e02359b469f" testListId="8c84fa94-04c1-424b-9868-57a2d4851a1d" />
    <TestEntry testId="621079d6-8336-000a-8869-87123a3c877d" executionId="e6df0569-ccfa-4e8d-af35-542afcd2c75d" testListId="8c84fa94-04c1-424b-9868-57a2d4851a1d" />
    <TestEntry testId="8ba150d3-9f32-7fe0-2510-d0c4df829962" executionId="05308412-3f9f-4e9d-99a8-8dd9f88ba9d3" testListId="8c84fa94-04c1-424b-9868-57a2d4851a1d" />
    <TestEntry testId="b9cbc5df-4036-ad47-00ce-7fbab9a96fb7" executionId="7c3647fc-b114-4c9d-a167-534a27f794ed" testListId="8c84fa94-04c1-424b-9868-57a2d4851a1d" />
  </TestEntries>
  <Results>
    <UnitTestResult executionId="ab941b6c-4a7c-4779-9b15-4e02359b469f" testId="2bf53988-bf24-42bd-c4fc-4456697d7912" testName="un_known_amount_of_numbers" computerName="ANDRES-PC" duration="00:00:00.0154161" startTime="2012-05-24T06:51:52.0503282-05:00" endTime="2012-05-24T06:51:52.2123374-05:00" testType="13cdc9d9-ddb5-4fa4-a97d-d965ccfc6d4b" outcome="Passed" testListId="8c84fa94-04c1-424b-9868-57a2d4851a1d" relativeResultsDirectory="ab941b6c-4a7c-4779-9b15-4e02359b469f">
      <Output>
        <StdOut>1,2,3,4,5,6,7,8,9,10,11,12,13,14,15,16,17,18,19,20,21,22,23,24,25,26,27,28,29,30,31,32,33,34,35,36,37,38,39,40,41,42,43,44,45,46,47,48,49,50,51,52,53,54,55,56,57,58,59,60,61,62,63,64,65,66,67,68,69,70,71,72,73,74,75,76,77,78,79,80,81,82,83,84,85,86,87,88,89,90,91,92,93,94,95,96,97,98,99,100,</StdOut>
      </Output>
    </UnitTestResult>
    <UnitTestResult executionId="e6df0569-ccfa-4e8d-af35-542afcd2c75d" testId="621079d6-8336-000a-8869-87123a3c877d" testName="empty_string" computerName="ANDRES-PC" duration="00:00:00.0002083" startTime="2012-05-24T06:51:52.2143376-05:00" endTime="2012-05-24T06:51:52.2173377-05:00" testType="13cdc9d9-ddb5-4fa4-a97d-d965ccfc6d4b" outcome="Passed" testListId="8c84fa94-04c1-424b-9868-57a2d4851a1d" relativeResultsDirectory="e6df0569-ccfa-4e8d-af35-542afcd2c75d">
    </UnitTestResult>
    <UnitTestResult executionId="05308412-3f9f-4e9d-99a8-8dd9f88ba9d3" testId="8ba150d3-9f32-7fe0-2510-d0c4df829962" testName="one_number" computerName="ANDRES-PC" duration="00:00:00.0001934" startTime="2012-05-24T06:51:52.2193378-05:00" endTime="2012-05-24T06:51:52.2223380-05:00" testType="13cdc9d9-ddb5-4fa4-a97d-d965ccfc6d4b" outcome="Passed" testListId="8c84fa94-04c1-424b-9868-57a2d4851a1d" relativeResultsDirectory="05308412-3f9f-4e9d-99a8-8dd9f88ba9d3">
    </UnitTestResult>
    <UnitTestResult executionId="7c3647fc-b114-4c9d-a167-534a27f794ed" testId="b9cbc5df-4036-ad47-00ce-7fbab9a96fb7" testName="two_numbers" computerName="ANDRES-PC" duration="00:00:00.0002006" startTime="2012-05-24T06:51:52.2243381-05:00" endTime="2012-05-24T06:51:52.2283384-05:00" testType="13cdc9d9-ddb5-4fa4-a97d-d965ccfc6d4b" outcome="Passed" testListId="8c84fa94-04c1-424b-9868-57a2d4851a1d" relativeResultsDirectory="7c3647fc-b114-4c9d-a167-534a27f794ed">
    </UnitTestResult>
  </Results>
</TestRun>