<?xml version="1.0" encoding="UTF-8"?>
<TestRun id="8037776d-7db1-4a41-8d17-9ac37c27d80f" name="Andres@ANDRES-PC 2012-05-24 07:10:05" runUser="Andres-PC\Andres" xmlns="http://microsoft.com/schemas/VisualStudio/TeamTest/2010">
  <TestSettings name="Local" id="7f7fc7d1-7e94-415d-9175-777b81af175b">
    <Description>These are default test settings for a local test run.</Description>
    <Deployment enabled="false" runDeploymentRoot="Andres_ANDRES-PC 2012-05-24 07_10_05">
      <DeploymentItem filename="C:\Users\Andres\Documents\Visual Studio 2010\Projects\Calculator\Calculator\bin\Debug\Calculator.dll" />
    </Deployment>
    <Execution>
      <TestTypeSpecific />
      <AgentRule name="Execution Agents">
      </AgentRule>
    </Execution>
  </TestSettings>
  <Times creation="2012-05-24T07:10:05.1528501-05:00" queuing="2012-05-24T07:10:05.1758514-05:00" start="2012-05-24T07:10:05.1808517-05:00" finish="2012-05-24T07:10:05.4068646-05:00" />
  <ResultSummary outcome="Failed">
    <Counters total="6" executed="6" passed="5" error="0" failed="1" timeout="0" aborted="0" inconclusive="0" passedButRunAborted="0" notRunnable="0" notExecuted="0" disconnected="0" warning="0" completed="0" inProgress="0" pending="0" />
  </ResultSummary>
  <TestDefinitions>
    <UnitTest name="empty_string" storage="c:\users\andres\documents\visual studio 2010\projects\calculator\nunittest\bin\debug\nunittest.dll" id="621079d6-8336-000a-8869-87123a3c877d">
      <Execution id="78930ccb-9360-42a6-8d1f-7d4854db1233" />
      <TestMethod codeBase="C:/Users/Andres/Documents/Visual Studio 2010/Projects/Calculator/NUnitTest/bin/Debug/NUnitTest.DLL" adapterTypeName="Microsoft.VisualStudio.TestTools.TestTypes.Unit.UnitTestAdapter, Microsoft.VisualStudio.QualityTools.Tips.UnitTest.Adapter, Version=10.0.0.0, Culture=neutral, PublicKeyToken=b03f5f7f11d50a3a" className="NUnitTest.StringCalculatorTest, NUnitTest, Version=1.0.0.0, Culture=neutral, PublicKeyToken=null" name="empty_string" />
    </UnitTest>
    <UnitTest name="new_lines_between_numbers" storage="c:\users\andres\documents\visual studio 2010\projects\calculator\nunittest\bin\debug\nunittest.dll" id="7611aac2-710c-ca53-b968-e584743eac76">
      <Execution id="d3f79870-1c89-42fb-a708-a6fecde9c5a7" />
      <TestMethod codeBase="C:/Users/Andres/Documents/Visual Studio 2010/Projects/Calculator/NUnitTest/bin/Debug/NUnitTest.DLL" adapterTypeName="Microsoft.VisualStudio.TestTools.TestTypes.Unit.UnitTestAdapter, Microsoft.VisualStudio.QualityTools.Tips.UnitTest.Adapter, Version=10.0.0.0, Culture=neutral, PublicKeyToken=b03f5f7f11d50a3a" className="NUnitTest.StringCalculatorTest, NUnitTest, Version=1.0.0.0, Culture=neutral, PublicKeyToken=null" name="new_lines_between_numbers" />
    </UnitTest>
    <UnitTest name="un_known_amount_of_numbers" storage="c:\users\andres\documents\visual studio 2010\projects\calculator\nunittest\bin\debug\nunittest.dll" id="2bf53988-bf24-42bd-c4fc-4456697d7912">
      <Execution id="9d82f918-f757-46df-92a1-d31260dd029e" />
      <TestMethod codeBase="C:/Users/Andres/Documents/Visual Studio 2010/Projects/Calculator/NUnitTest/bin/Debug/NUnitTest.DLL" adapterTypeName="Microsoft.VisualStudio.TestTools.TestTypes.Unit.UnitTestAdapter, Microsoft.VisualStudio.QualityTools.Tips.UnitTest.Adapter, Version=10.0.0.0, Culture=neutral, PublicKeyToken=b03f5f7f11d50a3a" className="NUnitTest.StringCalculatorTest, NUnitTest, Version=1.0.0.0, Culture=neutral, PublicKeyToken=null" name="un_known_amount_of_numbers" />
    </UnitTest>
    <UnitTest name="support_different_delimiters" storage="c:\users\andres\documents\visual studio 2010\projects\calculator\nunittest\bin\debug\nunittest.dll" id="807c457b-2550-9129-3164-14cfd598285d">
      <Execution id="dc7a4723-c540-4768-bc59-1f3896ef9047" />
      <TestMethod codeBase="C:/Users/Andres/Documents/Visual Studio 2010/Projects/Calculator/NUnitTest/bin/Debug/NUnitTest.DLL" adapterTypeName="Microsoft.VisualStudio.TestTools.TestTypes.Unit.UnitTestAdapter, Microsoft.VisualStudio.QualityTools.Tips.UnitTest.Adapter, Version=10.0.0.0, Culture=neutral, PublicKeyToken=b03f5f7f11d50a3a" className="NUnitTest.StringCalculatorTest, NUnitTest, Version=1.0.0.0, Culture=neutral, PublicKeyToken=null" name="support_different_delimiters" />
    </UnitTest>
    <UnitTest name="one_number" storage="c:\users\andres\documents\visual studio 2010\projects\calculator\nunittest\bin\debug\nunittest.dll" id="8ba150d3-9f32-7fe0-2510-d0c4df829962">
      <Execution id="f2b1f584-3f59-4949-9adc-4b635ce550bc" />
      <TestMethod codeBase="C:/Users/Andres/Documents/Visual Studio 2010/Projects/Calculator/NUnitTest/bin/Debug/NUnitTest.DLL" adapterTypeName="Microsoft.VisualStudio.TestTools.TestTypes.Unit.UnitTestAdapter, Microsoft.VisualStudio.QualityTools.Tips.UnitTest.Adapter, Version=10.0.0.0, Culture=neutral, PublicKeyToken=b03f5f7f11d50a3a" className="NUnitTest.StringCalculatorTest, NUnitTest, Version=1.0.0.0, Culture=neutral, PublicKeyToken=null" name="one_number" />
    </UnitTest>
    <UnitTest name="two_numbers" storage="c:\users\andres\documents\visual studio 2010\projects\calculator\nunittest\bin\debug\nunittest.dll" id="b9cbc5df-4036-ad47-00ce-7fbab9a96fb7">
      <Execution id="7d0c102c-7e68-4ed4-9584-1a1bec138d61" />
      <TestMethod codeBase="C:/Users/Andres/Documents/Visual Studio 2010/Projects/Calculator/NUnitTest/bin/Debug/NUnitTest.DLL" adapterTypeName="Microsoft.VisualStudio.TestTools.TestTypes.Unit.UnitTestAdapter, Microsoft.VisualStudio.QualityTools.Tips.UnitTest.Adapter, Version=10.0.0.0, Culture=neutral, PublicKeyToken=b03f5f7f11d50a3a" className="NUnitTest.StringCalculatorTest, NUnitTest, Version=1.0.0.0, Culture=neutral, PublicKeyToken=null" name="two_numbers" />
    </UnitTest>
  </TestDefinitions>
  <TestLists>
    <TestList name="Results Not in a List" id="8c84fa94-04c1-424b-9868-57a2d4851a1d" />
    <TestList name="All Loaded Results" id="19431567-8539-422a-85d7-44ee4e166bda" />
  </TestLists>
  <TestEntries>
    <TestEntry testId="2bf53988-bf24-42bd-c4fc-4456697d7912" executionId="9d82f918-f757-46df-92a1-d31260dd029e" testListId="8c84fa94-04c1-424b-9868-57a2d4851a1d" />
    <TestEntry testId="621079d6-8336-000a-8869-87123a3c877d" executionId="78930ccb-9360-42a6-8d1f-7d4854db1233" testListId="8c84fa94-04c1-424b-9868-57a2d4851a1d" />
    <TestEntry testId="7611aac2-710c-ca53-b968-e584743eac76" executionId="d3f79870-1c89-42fb-a708-a6fecde9c5a7" testListId="8c84fa94-04c1-424b-9868-57a2d4851a1d" />
    <TestEntry testId="807c457b-2550-9129-3164-14cfd598285d" executionId="dc7a4723-c540-4768-bc59-1f3896ef9047" testListId="8c84fa94-04c1-424b-9868-57a2d4851a1d" />
    <TestEntry testId="8ba150d3-9f32-7fe0-2510-d0c4df829962" executionId="f2b1f584-3f59-4949-9adc-4b635ce550bc" testListId="8c84fa94-04c1-424b-9868-57a2d4851a1d" />
    <TestEntry testId="b9cbc5df-4036-ad47-00ce-7fbab9a96fb7" executionId="7d0c102c-7e68-4ed4-9584-1a1bec138d61" testListId="8c84fa94-04c1-424b-9868-57a2d4851a1d" />
  </TestEntries>
  <Results>
    <UnitTestResult executionId="9d82f918-f757-46df-92a1-d31260dd029e" testId="2bf53988-bf24-42bd-c4fc-4456697d7912" testName="un_known_amount_of_numbers" computerName="ANDRES-PC" duration="00:00:00.0150353" startTime="2012-05-24T07:10:05.1838518-05:00" endTime="2012-05-24T07:10:05.3488613-05:00" testType="13cdc9d9-ddb5-4fa4-a97d-d965ccfc6d4b" outcome="Passed" testListId="8c84fa94-04c1-424b-9868-57a2d4851a1d" relativeResultsDirectory="9d82f918-f757-46df-92a1-d31260dd029e">
    </UnitTestResult>
    <UnitTestResult executionId="78930ccb-9360-42a6-8d1f-7d4854db1233" testId="621079d6-8336-000a-8869-87123a3c877d" testName="empty_string" computerName="ANDRES-PC" duration="00:00:00.0001898" startTime="2012-05-24T07:10:05.3508614-05:00" endTime="2012-05-24T07:10:05.3548616-05:00" testType="13cdc9d9-ddb5-4fa4-a97d-d965ccfc6d4b" outcome="Passed" testListId="8c84fa94-04c1-424b-9868-57a2d4851a1d" relativeResultsDirectory="78930ccb-9360-42a6-8d1f-7d4854db1233">
    </UnitTestResult>
    <UnitTestResult executionId="d3f79870-1c89-42fb-a708-a6fecde9c5a7" testId="7611aac2-710c-ca53-b968-e584743eac76" testName="new_lines_between_numbers" computerName="ANDRES-PC" duration="00:00:00.0002447" startTime="2012-05-24T07:10:05.3558617-05:00" endTime="2012-05-24T07:10:05.3608620-05:00" testType="13cdc9d9-ddb5-4fa4-a97d-d965ccfc6d4b" outcome="Passed" testListId="8c84fa94-04c1-424b-9868-57a2d4851a1d" relativeResultsDirectory="d3f79870-1c89-42fb-a708-a6fecde9c5a7">
    </UnitTestResult>
    <UnitTestResult executionId="dc7a4723-c540-4768-bc59-1f3896ef9047" testId="807c457b-2550-9129-3164-14cfd598285d" testName="support_different_delimiters" computerName="ANDRES-PC" duration="00:00:00.0142409" startTime="2012-05-24T07:10:05.3628621-05:00" endTime="2012-05-24T07:10:05.3798631-05:00" testType="13cdc9d9-ddb5-4fa4-a97d-d965ccfc6d4b" outcome="Failed" testListId="8c84fa94-04c1-424b-9868-57a2d4851a1d" relativeResultsDirectory="dc7a4723-c540-4768-bc59-1f3896ef9047">
      <Output>
        <ErrorInfo>
          <Message>Test method NUnitTest.StringCalculatorTest.support_different_delimiters threw exception: 
System.FormatException: Input string was not in a correct format.</Message>
          <StackTrace>    at System.Number.StringToNumber(String str, NumberStyles options, NumberBuffer&amp; number, NumberFormatInfo info, Boolean parseDecimal)
   at System.Number.ParseInt32(String s, NumberStyles style, NumberFormatInfo info)
   at System.Int32.Parse(String s)
   at Calculator.StringCalculator.add(String number) in C:\Users\Andres\Documents\Visual Studio 2010\Projects\Calculator\Calculator\StringCalculator.cs:line 27
   at NUnitTest.StringCalculatorTest.support_different_delimiters() in C:\Users\Andres\Documents\Visual Studio 2010\Projects\Calculator\NUnitTest\StringCalculatorTest.cs:line 74
</StackTrace>
        </ErrorInfo>
      </Output>
    </UnitTestResult>
    <UnitTestResult executionId="f2b1f584-3f59-4949-9adc-4b635ce550bc" testId="8ba150d3-9f32-7fe0-2510-d0c4df829962" testName="one_number" computerName="ANDRES-PC" duration="00:00:00.0002442" startTime="2012-05-24T07:10:05.3818632-05:00" endTime="2012-05-24T07:10:05.3868635-05:00" testType="13cdc9d9-ddb5-4fa4-a97d-d965ccfc6d4b" outcome="Passed" testListId="8c84fa94-04c1-424b-9868-57a2d4851a1d" relativeResultsDirectory="f2b1f584-3f59-4949-9adc-4b635ce550bc">
    </UnitTestResult>
    <UnitTestResult executionId="7d0c102c-7e68-4ed4-9584-1a1bec138d61" testId="b9cbc5df-4036-ad47-00ce-7fbab9a96fb7" testName="two_numbers" computerName="ANDRES-PC" duration="00:00:00.0002350" startTime="2012-05-24T07:10:05.3878635-05:00" endTime="2012-05-24T07:10:05.3928638-05:00" testType="13cdc9d9-ddb5-4fa4-a97d-d965ccfc6d4b" outcome="Passed" testListId="8c84fa94-04c1-424b-9868-57a2d4851a1d" relativeResultsDirectory="7d0c102c-7e68-4ed4-9584-1a1bec138d61">
    </UnitTestResult>
  </Results>
</TestRun>